<?xml version="1.0" encoding="UTF-8"?>
<testsuite name="Autenticación de usuario" tests="1" skipped="0" failures="1" errors="0" timestamp="2025-06-26T04:23:00" hostname="ANDRE" time="1.364">
  <properties/>
  <testcase name="Inicio de sesión simulado exitoso" classname="Autenticación de usuario" time="1.364">
    <failure message="io.cucumber.junit.UndefinedStepException: The step 'que estoy en la página de inicio de sesión' and 5 other step(s) are undefined.&#10;You can implement these steps using the snippet(s) below:&#10;&#10;@Given(&quot;que estoy en la página de inicio de sesión&quot;)&#10;public void queEstoyEnLaPáginaDeInicioDeSesión() {&#10;    // Write code here that turns the phrase above into concrete actions&#10;    throw new io.cucumber.java.PendingException();&#10;}&#10;@When(&quot;ingreso {string} en el campo de correo electrónico&quot;)&#10;public void ingresoEnElCampoDeCorreoElectrónico(String string) {&#10;    // Write code here that turns the phrase above into concrete actions&#10;    throw new io.cucumber.java.PendingException();&#10;}&#10;@When(&quot;ingreso {string} en el campo de contraseña&quot;)&#10;public void ingresoEnElCampoDeContraseña(String string) {&#10;    // Write code here that turns the phrase above into concrete actions&#10;    throw new io.cucumber.java.PendingException();&#10;}&#10;@When(&quot;hago clic en el botón {string}&quot;)&#10;public void hagoClicEnElBotón(String string) {&#10;    // Write code here that turns the phrase above into concrete actions&#10;    throw new io.cucumber.java.PendingException();&#10;}&#10;@Then(&quot;debería seguir en la página de inicio de sesión&quot;)&#10;public void deberíaSeguirEnLaPáginaDeInicioDeSesión() {&#10;    // Write code here that turns the phrase above into concrete actions&#10;    throw new io.cucumber.java.PendingException();&#10;}&#10;@Then(&quot;no debería ver ningún mensaje de error explícito&quot;)&#10;public void noDeberíaVerNingúnMensajeDeErrorExplícito() {&#10;    // Write code here that turns the phrase above into concrete actions&#10;    throw new io.cucumber.java.PendingException();&#10;}&#10;" type="io.cucumber.junit.UndefinedStepException">io.cucumber.junit.UndefinedStepException: The step 'que estoy en la página de inicio de sesión' and 5 other step(s) are undefined.
You can implement these steps using the snippet(s) below:

@Given(&quot;que estoy en la página de inicio de sesión&quot;)
public void queEstoyEnLaPáginaDeInicioDeSesión() {
    // Write code here that turns the phrase above into concrete actions
    throw new io.cucumber.java.PendingException();
}
@When(&quot;ingreso {string} en el campo de correo electrónico&quot;)
public void ingresoEnElCampoDeCorreoElectrónico(String string) {
    // Write code here that turns the phrase above into concrete actions
    throw new io.cucumber.java.PendingException();
}
@When(&quot;ingreso {string} en el campo de contraseña&quot;)
public void ingresoEnElCampoDeContraseña(String string) {
    // Write code here that turns the phrase above into concrete actions
    throw new io.cucumber.java.PendingException();
}
@When(&quot;hago clic en el botón {string}&quot;)
public void hagoClicEnElBotón(String string) {
    // Write code here that turns the phrase above into concrete actions
    throw new io.cucumber.java.PendingException();
}
@Then(&quot;debería seguir en la página de inicio de sesión&quot;)
public void deberíaSeguirEnLaPáginaDeInicioDeSesión() {
    // Write code here that turns the phrase above into concrete actions
    throw new io.cucumber.java.PendingException();
}
@Then(&quot;no debería ver ningún mensaje de error explícito&quot;)
public void noDeberíaVerNingúnMensajeDeErrorExplícito() {
    // Write code here that turns the phrase above into concrete actions
    throw new io.cucumber.java.PendingException();
}

</failure>
  </testcase>
  <system-out><![CDATA[]]></system-out>
  <system-err><![CDATA[[Test worker] INFO  - 
  _____   ___   ___   _____     ___   _____     _     ___   _____   ___   ___  
 |_   _| | __| / __| |_   _|   / __| |_   _|   /_\   | _ \ |_   _| | __| |   \ 
   | |   | _|  \__ \   | |     \__ \   | |    / _ \  |   /   | |   | _|  | |) |
   |_|   |___| |___/   |_|     |___/   |_|   /_/ \_\ |_|_\   |_|   |___| |___/ 

Inicio de sesión simulado exitoso(autenticación-de-usuario;inicio-de-sesión-simulado-exitoso)
--------------------------------------------------------------------------------
[Test worker] INFO  - ?[96m
  _____   ___   ___   _____     ___   ___   _  _   ___    ___   _  _    ___ 
 |_   _| | __| / __| |_   _|   | _ \ | __| | \| | |   \  |_ _| | \| |  / __|
   | |   | _|  \__ \   | |     |  _/ | _|  | .` | | |) |  | |  | .` | | (_ |
   |_|   |___| |___/   |_|     |_|   |___| |_|\_| |___/  |___| |_|\_|  \___|

Inicio de sesión simulado exitoso
-----------------------------------------------------------------------------?[0m
]]></system-err>
</testsuite>
